<?xml version="1.0" encoding="UTF-8"?>
<!-- Generated by org.testng.reporters.JUnitReportReporter -->
<testsuite hostname="LAPTOP-IPH4VNJ5" failures="0" tests="5" name="com.telus.testng.RegisterUserDemo" time="19.828" errors="0" timestamp="2022-09-07T17:01:07 IST" skipped="0">
  <testcase classname="com.telus.testng.RegisterUserDemo" name="launchApplication" time="9.210"/>
  <system-out>
    <![CDATA[Application Is Launched SuccessFully
---------------------------------------------------------------------]]>
  </system-out>
  <testcase classname="com.telus.testng.RegisterUserDemo" name="navigateToRegistrationForm" time="3.451"/>
  <system-out>
    <![CDATA[Hover Mouse Action Performed For QA Automation Link 
Hover Mouse Action Performed For Practice Automation Link 
Hover Mouse Action Performed For Demo Site- Registration Form Link 
---------------------------------------------------------------------]]>
  </system-out>
  <testcase classname="com.telus.testng.RegisterUserDemo" name="registerUser" time="6.885"/>
  <system-out>
    <![CDATA[Title For Displayed
The Form Title Is Register For Demo
Registration Title Page Is Register For Demo
Registration Title Page Is Enabled 
First Name Is Displayed
First Name Is Rohan
First Name Is Enabled 
Last Name Is Displayed
Last Name Is Shrivastava
Last Name Is Enabled 
Male Radio Button Is Displayed
Male Radio Button Is Male
Male Radio Button Is Enabled 
Male Radio Button Is Selected
Address Is Displayed
Address Is Shinde Ki Chhawani
Address Is Enabled 
Street Address Is Displayed
Street Address Is Near DD Mall
Street Address Is Enabled 
City Is Displayed
City Is Gwalior
City Is Enabled 
State Is Displayed
State Is Madhya Pradesh
State Is Enabled 
Pin Code Is Displayed
Pin Code Is 474001
Pin Code Is Enabled 
Country Is Displayed
Selected Country Is India
Country Is Enabled 
Email Is Displayed
Email Is Rohan@gmail.com
Email Is Enabled 
Date Of Demo Is Displayed
Date Of Demo Is 27/07/2022
Date Of Demo Is Enabled 
Convenient Time HH Is Displayed
02 Is Select Convenient Time HH
Convenient Time HH Is Enabled 
Convenient Time MM Is Displayed
30 Is Select Convenient Time MM
Convenient Time MM Is Enabled 
Mobile Number Is Displayed
Mobile Number Is 9865326598
Mobile Number Is Enabled 
Course Interested UFT Is Displayed
Course Interested UFT Is UFT
Course Interested UFT Is Enabled 
Course Interested TestNG Is Displayed
Course Interested TestNG Is TextNG
Course Interested TestNG Is Enabled 
Enter Your Query Is Displayed
Enter Your Query Is In Which Date TextNg Start
Enter Your Query Is Enabled 
Verification Is Displayed
Verification Value Is 99
Verification Is Enabled 
Submit Button Is Displayed
Submit Button Is Click
Submit Button  Is Enabled 
---------------------------------------------------------------------]]>
  </system-out>
  <testcase classname="com.telus.testng.RegisterUserDemo" name="validateSuccessFulMessage" time="0.094"/>
  <system-out>
    <![CDATA[Registration Form is Successfully Is Displayed
The Validate Message Is Registration Form is Successfully Submitted. The Transaction ID : NXTGEN1937465
Transaction Id Is NXTGEN1937465
---------------------------------------------------------------------]]>
  </system-out>
  <testcase classname="com.telus.testng.RegisterUserDemo" name="closeApplication" time="0.188"/>
  <system-out>
    <![CDATA[Application Close 
---------------------------------------------------------------------]]>
  </system-out>
</testsuite> <!-- com.telus.testng.RegisterUserDemo -->
